<?xml version="1.0" encoding="UTF-8"?>
<testsuites>
    <testsuite name="searching-for-drug-locations;search-with-a-valid-address" tests="2" failures="0" skipped="0">
        <properties>
            <property name="URI" value="C:/Projects/wellrx-monitor/features/drug-search.feature">
            </property>
        </properties>
        <testcase name="When I search for &quot;LOSARTAN POTASSIUM&quot; at location &quot;85749&quot;" classname="searching-for-drug-locations;search-with-a-valid-address" time="6.334703999">
        </testcase>
        <testcase name="Then I should not see an error message" classname="searching-for-drug-locations;search-with-a-valid-address" time="0.0490769">
        </testcase>
    </testsuite>
    <testsuite name="searching-for-drug-locations;search-with-a-valid-address" tests="2" failures="0" skipped="0">
        <properties>
            <property name="URI" value="C:/Projects/wellrx-monitor/features/drug-search.feature">
            </property>
        </properties>
        <testcase name="When I search for &quot;LIPITOR&quot; at location &quot;17756&quot;" classname="searching-for-drug-locations;search-with-a-valid-address" time="5.5661308">
        </testcase>
        <testcase name="Then I should not see an error message" classname="searching-for-drug-locations;search-with-a-valid-address" time="0.059309201">
        </testcase>
    </testsuite>
    <testsuite name="searching-for-drug-locations;search-with-an-invalid-drug-name" tests="2" failures="1" skipped="0">
        <properties>
            <property name="URI" value="C:/Projects/wellrx-monitor/features/drug-search.feature">
            </property>
        </properties>
        <testcase name="When I search for &quot;I M NOT A DRUG&quot; at location &quot;85749&quot;" classname="searching-for-drug-locations;search-with-an-invalid-drug-name" time="5.4871623">
        </testcase>
        <testcase name="Then I should see an error message" classname="searching-for-drug-locations;search-with-an-invalid-drug-name" time="0.0647293">
            <failure message="AssertionError: expected false to be true">AssertionError: expected false to be true
    at getBasePromise.then.then.newArgs (C:\Projects\wellrx-monitor\node_modules\chai-as-promised\lib\chai-as-promised.js:302:22)
    at ManagedPromise.invokeCallback_ (C:\Projects\wellrx-monitor\node_modules\selenium-webdriver\lib\promise.js:1384:14)
    at TaskQueue.execute_ (C:\Projects\wellrx-monitor\node_modules\selenium-webdriver\lib\promise.js:3092:14)
    at TaskQueue.executeNext_ (C:\Projects\wellrx-monitor\node_modules\selenium-webdriver\lib\promise.js:3075:27)
    at asyncRun (C:\Projects\wellrx-monitor\node_modules\selenium-webdriver\lib\promise.js:2935:27)
    at C:\Projects\wellrx-monitor\node_modules\selenium-webdriver\lib\promise.js:676:7
    at process._tickCallback (internal/process/next_tick.js:68:7)</failure>
        </testcase>
    </testsuite>
    <testsuite name="searching-for-drug-locations;search-with-an-invalid-drug-name" tests="2" failures="0" skipped="0">
        <properties>
            <property name="URI" value="C:/Projects/wellrx-monitor/features/drug-search.feature">
            </property>
        </properties>
        <testcase name="When I search for &quot;L&quot; at location &quot;17756&quot;" classname="searching-for-drug-locations;search-with-an-invalid-drug-name" time="5.5874182">
        </testcase>
        <testcase name="Then I should see an error message" classname="searching-for-drug-locations;search-with-an-invalid-drug-name" time="0.0689128">
        </testcase>
    </testsuite>
    <testsuite name="searching-for-drug-locations;search-with-an-invalid-drug-name" tests="2" failures="1" skipped="0">
        <properties>
            <property name="URI" value="C:/Projects/wellrx-monitor/features/drug-search.feature">
            </property>
        </properties>
        <testcase name="When I search for &quot;LO&quot; at location &quot;17756&quot;" classname="searching-for-drug-locations;search-with-an-invalid-drug-name" time="5.3511853">
        </testcase>
        <testcase name="Then I should see an error message" classname="searching-for-drug-locations;search-with-an-invalid-drug-name" time="0.0553576">
            <failure message="AssertionError: expected false to be true">AssertionError: expected false to be true
    at getBasePromise.then.then.newArgs (C:\Projects\wellrx-monitor\node_modules\chai-as-promised\lib\chai-as-promised.js:302:22)
    at ManagedPromise.invokeCallback_ (C:\Projects\wellrx-monitor\node_modules\selenium-webdriver\lib\promise.js:1384:14)
    at TaskQueue.execute_ (C:\Projects\wellrx-monitor\node_modules\selenium-webdriver\lib\promise.js:3092:14)
    at TaskQueue.executeNext_ (C:\Projects\wellrx-monitor\node_modules\selenium-webdriver\lib\promise.js:3075:27)
    at asyncRun (C:\Projects\wellrx-monitor\node_modules\selenium-webdriver\lib\promise.js:2935:27)
    at C:\Projects\wellrx-monitor\node_modules\selenium-webdriver\lib\promise.js:676:7
    at process._tickCallback (internal/process/next_tick.js:68:7)</failure>
        </testcase>
    </testsuite>
    <testsuite name="searching-for-drug-locations;search-with-an-invalid-address" tests="2" failures="0" skipped="0">
        <properties>
            <property name="URI" value="C:/Projects/wellrx-monitor/features/drug-search.feature">
            </property>
        </properties>
        <testcase name="When I search for &quot;LOSARTAN POTASSIUM&quot; at location &quot;1&quot;" classname="searching-for-drug-locations;search-with-an-invalid-address" time="5.616692399">
        </testcase>
        <testcase name="Then I should see an error message" classname="searching-for-drug-locations;search-with-an-invalid-address" time="0.054005201">
        </testcase>
    </testsuite>
    <testsuite name="searching-for-drug-locations;search-with-an-invalid-address" tests="2" failures="0" skipped="0">
        <properties>
            <property name="URI" value="C:/Projects/wellrx-monitor/features/drug-search.feature">
            </property>
        </properties>
        <testcase name="When I search for &quot;LIPITOR&quot; at location &quot;INVALID&quot;" classname="searching-for-drug-locations;search-with-an-invalid-address" time="5.887683">
        </testcase>
        <testcase name="Then I should see an error message" classname="searching-for-drug-locations;search-with-an-invalid-address" time="0.0527774">
        </testcase>
    </testsuite>
</testsuites>